<?xml version="1.0" encoding="UTF-8"?>
<testExecutions version="1">
  <file path="/workspace/frontend/tests/lib/getHello.test.ts">
    <testCase name="testing api/test/hello is John Doe" duration="3"/>
  </file>
  <file path="/workspace/frontend/tests/lib/myMath.test.ts">
    <testCase name="test my math package what a sum" duration="3"/>
  </file>
  <file path="/workspace/frontend/tests/demo.test.ts">
    <testCase name="complex math functions adds 1 + 2 to equal 3" duration="2"/>
  </file>
</testExecutions>